[QUESTION]
create a poem about dogs, then translate it into French then email the French poem to Steven
This was my previous work (but they haven't seen any of it! They only see what I return as final answer):
[THOUGHT] The task involves three steps:
1. Creating a poem about dogs using the WriterSkill.ShortPoem function.        
2. Translating the poem into French using the WriterSkill.Translate function.  
3. Emailing the French poem to Steven using the Emailer.sendEmail function.    

Let's start with the first step, creating a poem about dogs.
[ACTION] {{"action": "WriterSkill.ShortPoem","action_variables": {"input":"dogs"}}}
[OBSERVATION] In a world where dogs could talk and sing,
They'd be the rulers, the canine king.
With a woof and a wag, they'd hold court,
Chasing tennis balls as their favorite sport.

One named Rover, with a shiny coat,
Dreamed of sailing in a gravy boat.

[THOUGHT] Now that we have the poem about dogs, the next step is to translate it into French using the WriterSkill.Translate function.
[ACTION] {{"action": "WriterSkill.Translate","action_variables": {"input":"In a world where dogs could talk and sing,\nThey'd be the rulers, the canine king.\nWith a woof and a wag, they'd hold court,\nChasing tennis balls as their favorite sport.\n\nOne named Rover, with a shiny coat,\nDreamed of sailing in a gravy boat.","language":"French"}}}
[OBSERVATION] Dans un monde o∙ les chiens pourraient parler et chanter,        
Ils seraient les dirigeants, le roi canin.
Avec un ouaf et une queue qui remue, ils tiendraient cour,
Chasser les balles de tennis serait leur sport prΘfΘrΘ.

Un nommΘ Rover, avec un pelage brillant,
RΩvait de naviguer dans un bateau de sauce.
[THOUGHT] Now that we have the poem translated into French, the final step is to email this French poem to Steven. First, we need to get Steven's email address using the Emailer.getEmailAddress function.
[ACTION] {{"action": "Emailer.getEmailAddress","action_variables": {"input":"Steven"}}}
[OBSERVATION] codeking@example.com
[THOUGHT] Now that we have Steven's email address, we can send him the French poem using the Emailer.sendEmail function.
[ACTION] {{"action": "Emailer.sendEmail","action_variables": {"emailAddress":"codeking@example.com","message":"Dans un monde o∙ les chiens pourraient parler et chanter,\nIls seraient les dirigeants, le roi canin.\nAvec un ouaf et une queue qui remue, ils tiendraient cour,\nChasser les balles de tennis serait leur sport prΘfΘrΘ.\n\nUn nommΘ Rover, avec un pelage brillant,\nRΩvait de naviguer dans un bateau de sauce.","subject":"A Poem About Dogs in French"}}}
[OBSERVATION] Message sent
Result: The poem about dogs has been successfully translated into French and emailed to Steven.